<?xml version="1.0" encoding="UTF-8"?>
<!-- Generated by org.testng.reporters.JUnitXMLReporter -->
<testsuite ignored="2" hostname="Rahul" failures="0" tests="7" name="Create New Booking Test-electronic media" time="0.013" errors="0" timestamp="13 Dec 2022 22:05:39 GMT">
  <testcase classname="testcases.Bookings" name="modifyBooking" time="0.001"/>
  <testcase classname="testcases.Bookings" name="guestInfo" time="0.001"/>
  <testcase classname="testcases.Bookings" name="roomType" time="0.001"/>
  <testcase classname="testcases.PaymentManager" name="applyDiscount" time="0.002"/>
  <testcase classname="testcases.PaymentManager" name="makePayment" time="0.001"/>
  <testcase classname="testcases.CustomerCommunication" name="checkEmailVerification" time="0.001"/>
  <testcase classname="testcases.CustomerCommunication" name="checkMobileVerification" time="0.001"/>
  <testcase classname="testcases.Bookings" name="searchHotel" time="0.0">
    <ignored/>
  </testcase> <!-- searchHotel -->
  <testcase classname="testcases.Bookings" name="cancelBooking" time="0.0">
    <ignored/>
  </testcase> <!-- cancelBooking -->
</testsuite> <!-- Create New Booking Test-electronic media -->
