<?xml version="1.0" encoding="UTF-8"?>
<!-- Generated by org.testng.reporters.JUnitXMLReporter -->
<testsuite ignored="2" hostname="Rahul" failures="0" tests="7" name="Modify Existing Booking Test" time="0.012" errors="0" timestamp="13 Dec 2022 20:40:30 GMT">
  <testcase classname="testcases.Bookings" name="modifyBooking" time="0.003"/>
  <testcase classname="testcases.Bookings" name="guestInfo" time="0.001"/>
  <testcase classname="testcases.Bookings" name="roomType" time="0.0"/>
  <testcase classname="testcases.PaymentManager" name="applyDiscount" time="0.001"/>
  <testcase classname="testcases.PaymentManager" name="makePayment" time="0.001"/>
  <testcase classname="testcases.CustomerCommunication" name="checkEmailVerification" time="0.001"/>
  <testcase classname="testcases.CustomerCommunication" name="checkMobileVerification" time="0.001"/>
  <testcase classname="testcases.Bookings" name="searchHotel" time="0.0">
    <ignored/>
  </testcase> <!-- searchHotel -->
  <testcase classname="testcases.Bookings" name="cancelBooking" time="0.0">
    <ignored/>
  </testcase> <!-- cancelBooking -->
</testsuite> <!-- Modify Existing Booking Test -->
